Case #1: 3 4 6
Case #2: 7 14 21 28 35 42 49
Case #3: 2 3 4 5 6 7 8 9 10 11
Case #4: 2 5 6 8
Case #5: 7 12 16 17 20 21 26 28
Case #6: 10 12 16 18 20 25
Case #7: 5 15 25 35 45 55 65 75 85 95
Case #8: 1 4 8 12 16
Case #9: 3 5 7 9 10
Case #10: 2 3 4
Case #11: 6 8 11 12 15 16 17 19
Case #12: 4 6 7 8 9 10 13 15 16
Case #13: 2 4
Case #14: 2 4 6 8 10 11 12
Case #15: 12 20 25 28 33 35 36 42
Case #16: 3 4 5 6
Case #17: 7 11 14 17 20 21 23 25 29 32
Case #18: 5 7 8 9 12 13 16
Case #19: 4 8
Case #20: 2 6 10 14
Case #21: 8 12
Case #22: 1 2 3 4 5 6 7
Case #23: 9 14 16 20 22 24 25 26 32
Case #24: 5 9 10 13
Case #25: 17 19 21 25 28 31 37 40 42
Case #26: 3 4 5
Case #27: 52 66 91 94
Case #28: 2 3 6 8 9 12 13
Case #29: 1 2 3
Case #30: 2 4 7 9
Case #31: 8 10 16 19 21 22
Case #32: 12 14 16 20 21 26 30 33 35
Case #33: 22 222
Case #34: 6 8
Case #35: 9 17 24 30 35 39 42 44 45 62
Case #36: 3 5 8 10
Case #37: 6 11 15 18 20 21 32
Case #38: 4 9 13 15 20 22 26
Case #39: 2 22
Case #40: 3 4 5
Case #41: 3 5 6 11
Case #42: 4 8 9 13 16 20 24 27
Case #43: 53 86 89 112 139 150 164
Case #44: 27 32 35 46 48 52 56 59 63
Case #45: 3 5 6
Case #46: 8 9 12 14 16 18 19 21 22 24
Case #47: 16 34 56 77 102 123 139 141 153 158
Case #48: 13 14 16 23 29 30 38
Case #49: 2 6
Case #50: 5 7 11 13 16 20 23 26 30 34
